0 info it worked if it ends with ok
1 verbose cli [ 'C:\\Program Files\\nodejs\\node.exe',
1 verbose cli   'C:\\Users\\E20160507.JZEZ\\AppData\\Roaming\\npm\\node_modules\\.npm_npminstall\\npm\\2.9.1\\npm\\bin\\npm-cli.js',
1 verbose cli   'run',
1 verbose cli   'deploy' ]
2 info using npm@2.9.1
3 info using node@v4.4.4
4 verbose run-script [ 'predeploy', 'deploy', 'postdeploy' ]
5 info predeploy web_substation@1.0.0
6 info deploy web_substation@1.0.0
7 verbose unsafe-perm in lifecycle true
8 info web_substation@1.0.0 Failed to exec deploy script
9 verbose stack Error: web_substation@1.0.0 deploy: `npm run build && git add . && git commit -m '--' && git push origin master && ./run.sh dev`
9 verbose stack Exit status 1
9 verbose stack     at EventEmitter.<anonymous> (C:\Users\E20160507.JZEZ\AppData\Roaming\npm\node_modules\.npm_npminstall\npm\2.9.1\npm\lib\utils\lifecycle.js:213:16)
9 verbose stack     at emitTwo (events.js:87:13)
9 verbose stack     at EventEmitter.emit (events.js:172:7)
9 verbose stack     at ChildProcess.<anonymous> (C:\Users\E20160507.JZEZ\AppData\Roaming\npm\node_modules\.npm_npminstall\npm\2.9.1\npm\lib\utils\spawn.js:24:14)
9 verbose stack     at emitTwo (events.js:87:13)
9 verbose stack     at ChildProcess.emit (events.js:172:7)
9 verbose stack     at maybeClose (internal/child_process.js:827:16)
9 verbose stack     at Process.ChildProcess._handle.onexit (internal/child_process.js:211:5)
10 verbose pkgid web_substation@1.0.0
11 verbose cwd F:\project\web_substation
12 error Windows_NT 10.0.10586
13 error argv "C:\\Program Files\\nodejs\\node.exe" "C:\\Users\\E20160507.JZEZ\\AppData\\Roaming\\npm\\node_modules\\.npm_npminstall\\npm\\2.9.1\\npm\\bin\\npm-cli.js" "run" "deploy"
14 error node v4.4.4
15 error npm  v2.9.1
16 error code ELIFECYCLE
17 error web_substation@1.0.0 deploy: `npm run build && git add . && git commit -m '--' && git push origin master && ./run.sh dev`
17 error Exit status 1
18 error Failed at the web_substation@1.0.0 deploy script 'npm run build && git add . && git commit -m '--' && git push origin master && ./run.sh dev'.
18 error This is most likely a problem with the web_substation package,
18 error not with npm itself.
18 error Tell the author that this fails on your system:
18 error     npm run build && git add . && git commit -m '--' && git push origin master && ./run.sh dev
18 error You can get their info via:
18 error     npm owner ls web_substation
18 error There is likely additional logging output above.
19 verbose exit [ 1, true ]
